#
# A fatal error has been detected by the Java Runtime Environment:
#
#  SIGSEGV (0xb) at pc=0x00007f814164e21c, pid=2479, tid=0x00007f8140201700
#
# JRE version: Java(TM) SE Runtime Environment (8.0_201-b09) (build 1.8.0_201-b09)
# Java VM: Java HotSpot(TM) 64-Bit Server VM (25.201-b09 mixed mode linux-amd64 compressed oops)
# Problematic frame:
# V  [libjvm.so+0x8f221c]  ObjArrayKlass::oop_follow_contents(ParCompactionManager*, oopDesc*)+0x40c
#
# Failed to write core dump. Core dumps have been disabled. To enable core dumping, try "ulimit -c unlimited" before starting Java again
#
# If you would like to submit a bug report, please visit:
#   http://bugreport.java.com/bugreport/crash.jsp
#

---------------  T H R E A D  ---------------

Current thread (0x00007f813c026000):  GCTaskThread [stack: 0x00007f8140101000,0x00007f8140202000] [id=2485]

siginfo: si_signo: 11 (SIGSEGV), si_code: 128 (SI_KERNEL), si_addr: 0x0000000000000000

Registers:
RAX=0x00007f81202a0000, RBX=0x00007f813c0a25c0, RCX=0x0000000000000015, RDX=0x007fffffffffab81
RSP=0x00007f8140200bb0, RBP=0x00007f8140200c30, RSI=0x000000000000003a, RDI=0x0000000000200000
R8 =0x00007f8141d27d80, R9 =0x0000000085970260, R10=0x0000000000000001, R11=0x0000000000000020
R12=0x0000000000000003, R13=0x00000000859701d0, R14=0x00000000849702a8, R15=0x0000000085970240
RIP=0x00007f814164e21c, EFLAGS=0x0000000000010206, CSGSFS=0x0000000000000033, ERR=0x0000000000000000
  TRAPNO=0x000000000000000d

Top of Stack: (sp=0x00007f8140200bb0)
0x00007f8140200bb0:   00007f8140200c10 0000000000000001
0x00007f8140200bc0:   0000000000000001 0000000000000020
0x00007f8140200bd0:   0000000085970260 0000000000000020
0x00007f8140200be0:   00000000859701a8 000000010001eb00
0x00007f8140200bf0:   00007f8141d27d80 0000000000000012
0x00007f8140200c00:   00007f813c0a25c0 00007f813c0a25c0
0x00007f8140200c10:   00007f8141d23f8c 00007f813c026000
0x00007f8140200c20:   0000000000000000 00007f813c0a25c0
0x00007f8140200c30:   00007f8140200d00 00007f81416d0f8f
0x00007f8140200c40:   00007f8140200ca0 0000000000000004
0x00007f8140200c50:   00007f813c0a25d0 00007f81416d9ec7
0x00007f8140200c60:   00007f81425364ff 0000000000000000
0x00007f8140200c70:   00007f81425364ff 00000000859701d0
0x00007f8140200c80:   000000010026d850 00007f8140200db0
0x00007f8140200c90:   00007f8140200da0 00007f8140200d60
0x00007f8140200ca0:   0000000000000020 00007f80dc000cb0
0x00007f8140200cb0:   00007f813c09ea90 00007f8140200d30
0x00007f8140200cc0:   00007f8140200d00 00007f814144c106
0x00007f8140200cd0:   00007f813c026f28 00007f8140200d30
0x00007f8140200ce0:   00007f813c0549a0 00007f813c026000
0x00007f8140200cf0:   0000000000000000 00007f813c0a25c0
0x00007f8140200d00:   00007f8140200e00 00007f81416b313a
0x00007f8140200d10:   00007f8140200d60 00007f8141627579
0x00007f8140200d20:   00007f8140200d70 00007f813c025660
0x00007f8140200d30:   00007f8141c52920 00007f813c025600
0x00007f8140200d40:   00007f813c0a25c0 0000000000000001
0x00007f8140200d50:   00007f8141c52950 00007f813c026000
0x00007f8140200d60:   00007f8140200d30 00007f8141628ada
0x00007f8140200d70:   0000000000000001 00007f813c025660
0x00007f8140200d80:   00007f81418bac36 00007f8100025640
0x00007f8140200d90:   00007f8140200dd0 00007f813c0255c0
0x00007f8140200da0:   0000000000000000 00007f8141672548 

Instructions: (pc=0x00007f814164e21c)
0x00007f814164e1fc:   48 89 c8 8b 0a 48 c1 e8 03 48 d3 e8 48 89 c1 48
0x00007f814164e20c:   89 c2 49 8b 40 30 83 e1 3f 48 c1 ea 06 48 d3 e7
0x00007f814164e21c:   48 85 3c d0 75 9e 48 8d 05 c0 b1 6c 00 80 38 00
0x00007f814164e22c:   0f 85 46 01 00 00 49 8b 76 08 4c 89 f7 4c 89 55 

Register to memory mapping:

RAX=0x00007f81202a0000 is an unknown value
RBX=0x00007f813c0a25c0 is an unknown value
RCX=0x0000000000000015 is an unknown value
RDX=0x007fffffffffab81 is an unknown value
RSP=0x00007f8140200bb0 is an unknown value
RBP=0x00007f8140200c30 is an unknown value
RSI=0x000000000000003a is an unknown value
RDI=0x0000000000200000 is an unknown value
R8 =0x00007f8141d27d80: <offset 0xfcbd80> in /usr/lib/jvm/java-8-oracle/jre/lib/amd64/server/libjvm.so at 0x00007f8140d5c000
R9 =0x0000000085970260 is an oop
[Ljava.lang.Object; 
 - klass: 'java/lang/Object'[]
 - length: 2
R10=0x0000000000000001 is an unknown value
R11=0x0000000000000020 is an unknown value
R12=0x0000000000000003 is an unknown value
R13=0x00000000859701d0 is an oop
[Ljava.lang.Object; 
 - klass: 'java/lang/Object'[]
 - length: 32
R14=0x00000000849702a8 is an unknown value
R15=0x0000000085970240 is pointing into object: 0x00000000859701d0
[Ljava.lang.Object; 
 - klass: 'java/lang/Object'[]
 - length: 32


Stack: [0x00007f8140101000,0x00007f8140202000],  sp=0x00007f8140200bb0,  free space=1022k
Native frames: (J=compiled Java code, j=interpreted, Vv=VM code, C=native code)
V  [libjvm.so+0x8f221c]  ObjArrayKlass::oop_follow_contents(ParCompactionManager*, oopDesc*)+0x40c
V  [libjvm.so+0x974f8f]  ParCompactionManager::follow_marking_stacks()+0xdf
V  [libjvm.so+0x95713a]  MarkFromRootsTask::do_it(GCTaskManager*, unsigned int)+0x18a
V  [libjvm.so+0x5c3666]  GCTaskThread::run()+0x1b6
V  [libjvm.so+0x90d922]  java_start(Thread*)+0x102


---------------  P R O C E S S  ---------------

Java Threads: ( => current thread )
  0x00007f80fc001000 JavaThread "Attach Listener" daemon [_thread_blocked, id=2516, stack(0x00007f81188ec000,0x00007f81189ed000)]
  0x00007f80e8002800 JavaThread "restartedMain" [_thread_blocked, id=2511, stack(0x00007f81287ab000,0x00007f81288ac000)]
  0x00007f813c82a000 JavaThread "Thread-0" [_thread_blocked, id=2510, stack(0x00007f81288ac000,0x00007f81289ad000)]
  0x00007f813c5b7800 JavaThread "Service Thread" daemon [_thread_blocked, id=2507, stack(0x00007f8128aae000,0x00007f8128baf000)]
  0x00007f813c5b2800 JavaThread "C1 CompilerThread2" daemon [_thread_blocked, id=2506, stack(0x00007f8128baf000,0x00007f8128cb0000)]
  0x00007f813c5b0800 JavaThread "C2 CompilerThread1" daemon [_thread_in_native, id=2505, stack(0x00007f8128ec8000,0x00007f8128fc9000)]
  0x00007f813c5af000 JavaThread "C2 CompilerThread0" daemon [_thread_blocked, id=2504, stack(0x00007f8128fc9000,0x00007f81290ca000)]
  0x00007f813c5b3800 JavaThread "Monitor Ctrl-Break" daemon [_thread_in_native, id=2503, stack(0x00007f81290ca000,0x00007f81291cb000)]
  0x00007f813c185000 JavaThread "Signal Dispatcher" daemon [_thread_blocked, id=2502, stack(0x00007f812956b000,0x00007f812966c000)]
  0x00007f813c152000 JavaThread "Finalizer" daemon [_thread_blocked, id=2494, stack(0x00007f8129944000,0x00007f8129a45000)]
  0x00007f813c14f800 JavaThread "Reference Handler" daemon [_thread_blocked, id=2493, stack(0x00007f8129a45000,0x00007f8129b46000)]
  0x00007f813c010800 JavaThread "main" [_thread_blocked, id=2480, stack(0x00007f8142850000,0x00007f8142951000)]

Other Threads:
  0x00007f813c145800 VMThread [stack: 0x00007f8129b46000,0x00007f8129c47000] [id=2492]
  0x00007f813c5ba800 WatcherThread [stack: 0x00007f81289ad000,0x00007f8128aae000] [id=2508]

=>0x00007f813c026000 (exited) GCTaskThread [stack: 0x00007f8140101000,0x00007f8140202000] [id=2485]

VM state:at safepoint (normal execution)

VM Mutex/Monitor currently owned by a thread:  ([mutex/lock_event])
[0x00007f813c00ce40] Threads_lock - owner thread: 0x00007f813c145800
[0x00007f813c00d340] Heap_lock - owner thread: 0x00007f80e8002800

heap address: 0x0000000085400000, size: 1964 MB, Compressed Oops mode: 32-bit
Narrow klass base: 0x0000000000000000, Narrow klass shift: 3
Compressed class space size: 1073741824 Address: 0x0000000100000000

Heap:
 PSYoungGen      total 262144K, used 10725K [0x00000000d7180000, 0x00000000ec280000, 0x0000000100000000)
  eden space 251392K, 0% used [0x00000000d7180000,0x00000000d7180000,0x00000000e6700000)
  from space 10752K, 99% used [0x00000000e6700000,0x00000000e7179730,0x00000000e7180000)
  to   space 15872K, 0% used [0x00000000eb300000,0x00000000eb300000,0x00000000ec280000)
 ParOldGen       total 53760K, used 13122K [0x0000000085400000, 0x0000000088880000, 0x00000000d7180000)
  object space 53760K, 24% used [0x0000000085400000,0x00000000860d0b90,0x0000000088880000)
 Metaspace       used 33805K, capacity 35378K, committed 35496K, reserved 1079296K
  class space    used 4351K, capacity 4700K, committed 4784K, reserved 1048576K

Card table byte_map: [0x00007f812be0d000,0x00007f812c1e4000] byte_map_base: 0x00007f812b9e3000

Marking Bits: (ParMarkBitMap*) 0x00007f8141d27d80
 Begin Bits: [0x00007f81202a0000, 0x00007f8122150000)
 End Bits:   [0x00007f8122150000, 0x00007f8124000000)

Polling page: 0x00007f814296c000

CodeCache: size=245760Kb used=12520Kb max_used=12520Kb free=233239Kb
 bounds [0x00007f812c5a4000, 0x00007f812d1e4000, 0x00007f813b5a4000]
 total_blobs=3890 nmethods=3491 adapters=312
 compilation: enabled

Compilation events (10 events):
Event: 3.073 Thread 0x00007f813c5b2800 3505       3       sun.security.util.ObjectIdentifier::pack7Oid (84 bytes)
Event: 3.073 Thread 0x00007f813c5b2800 nmethod 3505 0x00007f812d1d2d50 code [0x00007f812d1d2ee0, 0x00007f812d1d3258]
Event: 3.073 Thread 0x00007f813c5b2800 3504       3       sun.security.util.ObjectIdentifier::pack7Oid (42 bytes)
Event: 3.073 Thread 0x00007f813c5b2800 nmethod 3504 0x00007f812d1d2910 code [0x00007f812d1d2a80, 0x00007f812d1d2ca8]
Event: 3.073 Thread 0x00007f813c5b2800 3506       3       sun.security.util.ObjectIdentifier::checkOtherComponent (39 bytes)
Event: 3.073 Thread 0x00007f813c5b2800 nmethod 3506 0x00007f812d1e2490 code [0x00007f812d1e2680, 0x00007f812d1e2fa8]
Event: 3.074 Thread 0x00007f813c5b2800 3507  s    2       java.io.ByteArrayOutputStream::write (32 bytes)
Event: 3.074 Thread 0x00007f813c5b2800 nmethod 3507 0x00007f812d1d22d0 code [0x00007f812d1d2440, 0x00007f812d1d2788]
Event: 3.078 Thread 0x00007f813c5b2800 3508  s    3       java.io.ByteArrayInputStream::read (36 bytes)
Event: 3.078 Thread 0x00007f813c5b2800 nmethod 3508 0x00007f812d1e33d0 code [0x00007f812d1e3540, 0x00007f812d1e3890]

GC Heap History (10 events):
Event: 0.975 GC heap after
Heap after GC invocations=4 (full 0):
 PSYoungGen      total 132096K, used 5112K [0x00000000d7180000, 0x00000000df780000, 0x0000000100000000)
  eden space 126976K, 0% used [0x00000000d7180000,0x00000000d7180000,0x00000000ded80000)
  from space 5120K, 99% used [0x00000000df280000,0x00000000df77e338,0x00000000df780000)
  to   space 5120K, 0% used [0x00000000ded80000,0x00000000ded80000,0x00000000df280000)
 ParOldGen       total 84992K, used 4601K [0x0000000085400000, 0x000000008a700000, 0x00000000d7180000)
  object space 84992K, 5% used [0x0000000085400000,0x000000008587e718,0x000000008a700000)
 Metaspace       used 18321K, capacity 18816K, committed 18944K, reserved 1064960K
  class space    used 2359K, capacity 2532K, committed 2560K, reserved 1048576K
}
Event: 1.100 GC heap before
{Heap before GC invocations=5 (full 0):
 PSYoungGen      total 132096K, used 33871K [0x00000000d7180000, 0x00000000df780000, 0x0000000100000000)
  eden space 126976K, 22% used [0x00000000d7180000,0x00000000d8d95968,0x00000000ded80000)
  from space 5120K, 99% used [0x00000000df280000,0x00000000df77e338,0x00000000df780000)
  to   space 5120K, 0% used [0x00000000ded80000,0x00000000ded80000,0x00000000df280000)
 ParOldGen       total 84992K, used 4601K [0x0000000085400000, 0x000000008a700000, 0x00000000d7180000)
  object space 84992K, 5% used [0x0000000085400000,0x000000008587e718,0x000000008a700000)
 Metaspace       used 20620K, capacity 21154K, committed 21296K, reserved 1067008K
  class space    used 2658K, capacity 2821K, committed 2864K, reserved 1048576K
Event: 1.117 GC heap after
Heap after GC invocations=5 (full 0):
 PSYoungGen      total 132096K, used 5112K [0x00000000d7180000, 0x00000000e7d80000, 0x0000000100000000)
  eden space 126976K, 0% used [0x00000000d7180000,0x00000000d7180000,0x00000000ded80000)
  from space 5120K, 99% used [0x00000000ded80000,0x00000000df27e1d0,0x00000000df280000)
  to   space 10240K, 0% used [0x00000000e7380000,0x00000000e7380000,0x00000000e7d80000)
 ParOldGen       total 84992K, used 6446K [0x0000000085400000, 0x000000008a700000, 0x00000000d7180000)
  object space 84992K, 7% used [0x0000000085400000,0x0000000085a4b8d0,0x000000008a700000)
 Metaspace       used 20620K, capacity 21154K, committed 21296K, reserved 1067008K
  class space    used 2658K, capacity 2821K, committed 2864K, reserved 1048576K
}
Event: 1.117 GC heap before
{Heap before GC invocations=6 (full 1):
 PSYoungGen      total 132096K, used 5112K [0x00000000d7180000, 0x00000000e7d80000, 0x0000000100000000)
  eden space 126976K, 0% used [0x00000000d7180000,0x00000000d7180000,0x00000000ded80000)
  from space 5120K, 99% used [0x00000000ded80000,0x00000000df27e1d0,0x00000000df280000)
  to   space 10240K, 0% used [0x00000000e7380000,0x00000000e7380000,0x00000000e7d80000)
 ParOldGen       total 84992K, used 6446K [0x0000000085400000, 0x000000008a700000, 0x00000000d7180000)
  object space 84992K, 7% used [0x0000000085400000,0x0000000085a4b8d0,0x000000008a700000)
 Metaspace       used 20620K, capacity 21154K, committed 21296K, reserved 1067008K
  class space    used 2658K, capacity 2821K, committed 2864K, reserved 1048576K
Event: 1.158 GC heap after
Heap after GC invocations=6 (full 1):
 PSYoungGen      total 132096K, used 0K [0x00000000d7180000, 0x00000000e7d80000, 0x0000000100000000)
  eden space 126976K, 0% used [0x00000000d7180000,0x00000000d7180000,0x00000000ded80000)
  from space 5120K, 0% used [0x00000000ded80000,0x00000000ded80000,0x00000000df280000)
  to   space 10240K, 0% used [0x00000000e7380000,0x00000000e7380000,0x00000000e7d80000)
 ParOldGen       total 53760K, used 6772K [0x0000000085400000, 0x0000000088880000, 0x00000000d7180000)
  object space 53760K, 12% used [0x0000000085400000,0x0000000085a9d158,0x0000000088880000)
 Metaspace       used 20620K, capacity 21154K, committed 21296K, reserved 1067008K
  class space    used 2658K, capacity 2821K, committed 2864K, reserved 1048576K
}
Event: 1.720 GC heap before
{Heap before GC invocations=7 (full 1):
 PSYoungGen      total 132096K, used 126976K [0x00000000d7180000, 0x00000000e7d80000, 0x0000000100000000)
  eden space 126976K, 100% used [0x00000000d7180000,0x00000000ded80000,0x00000000ded80000)
  from space 5120K, 0% used [0x00000000ded80000,0x00000000ded80000,0x00000000df280000)
  to   space 10240K, 0% used [0x00000000e7380000,0x00000000e7380000,0x00000000e7d80000)
 ParOldGen       total 53760K, used 6772K [0x0000000085400000, 0x0000000088880000, 0x00000000d7180000)
  object space 53760K, 12% used [0x0000000085400000,0x0000000085a9d158,0x0000000088880000)
 Metaspace       used 24556K, capacity 25254K, committed 25392K, reserved 1071104K
  class space    used 3131K, capacity 3333K, committed 3376K, reserved 1048576K
Event: 1.728 GC heap after
Heap after GC invocations=7 (full 1):
 PSYoungGen      total 210944K, used 8249K [0x00000000d7180000, 0x00000000e7c00000, 0x0000000100000000)
  eden space 202240K, 0% used [0x00000000d7180000,0x00000000d7180000,0x00000000e3700000)
  from space 8704K, 94% used [0x00000000e7380000,0x00000000e7b8e438,0x00000000e7c00000)
  to   space 10752K, 0% used [0x00000000e6700000,0x00000000e6700000,0x00000000e7180000)
 ParOldGen       total 53760K, used 6844K [0x0000000085400000, 0x0000000088880000, 0x00000000d7180000)
  object space 53760K, 12% used [0x0000000085400000,0x0000000085aaf168,0x0000000088880000)
 Metaspace       used 24556K, capacity 25254K, committed 25392K, reserved 1071104K
  class space    used 3131K, capacity 3333K, committed 3376K, reserved 1048576K
}
Event: 3.079 GC heap before
{Heap before GC invocations=8 (full 1):
 PSYoungGen      total 210944K, used 183374K [0x00000000d7180000, 0x00000000e7c00000, 0x0000000100000000)
  eden space 202240K, 86% used [0x00000000d7180000,0x00000000e1c856c0,0x00000000e3700000)
  from space 8704K, 94% used [0x00000000e7380000,0x00000000e7b8e438,0x00000000e7c00000)
  to   space 10752K, 0% used [0x00000000e6700000,0x00000000e6700000,0x00000000e7180000)
 ParOldGen       total 53760K, used 6844K [0x0000000085400000, 0x0000000088880000, 0x00000000d7180000)
  object space 53760K, 12% used [0x0000000085400000,0x0000000085aaf168,0x0000000088880000)
 Metaspace       used 33805K, capacity 35378K, committed 35496K, reserved 1079296K
  class space    used 4351K, capacity 4700K, committed 4784K, reserved 1048576K
Event: 3.105 GC heap after
Heap after GC invocations=8 (full 1):
 PSYoungGen      total 262144K, used 10725K [0x00000000d7180000, 0x00000000ec280000, 0x0000000100000000)
  eden space 251392K, 0% used [0x00000000d7180000,0x00000000d7180000,0x00000000e6700000)
  from space 10752K, 99% used [0x00000000e6700000,0x00000000e7179730,0x00000000e7180000)
  to   space 15872K, 0% used [0x00000000eb300000,0x00000000eb300000,0x00000000ec280000)
 ParOldGen       total 53760K, used 13122K [0x0000000085400000, 0x0000000088880000, 0x00000000d7180000)
  object space 53760K, 24% used [0x0000000085400000,0x00000000860d0b90,0x0000000088880000)
 Metaspace       used 33805K, capacity 35378K, committed 35496K, reserved 1079296K
  class space    used 4351K, capacity 4700K, committed 4784K, reserved 1048576K
}
Event: 3.105 GC heap before
{Heap before GC invocations=9 (full 2):
 PSYoungGen      total 262144K, used 10725K [0x00000000d7180000, 0x00000000ec280000, 0x0000000100000000)
  eden space 251392K, 0% used [0x00000000d7180000,0x00000000d7180000,0x00000000e6700000)
  from space 10752K, 99% used [0x00000000e6700000,0x00000000e7179730,0x00000000e7180000)
  to   space 15872K, 0% used [0x00000000eb300000,0x00000000eb300000,0x00000000ec280000)
 ParOldGen       total 53760K, used 13122K [0x0000000085400000, 0x0000000088880000, 0x00000000d7180000)
  object space 53760K, 24% used [0x0000000085400000,0x00000000860d0b90,0x0000000088880000)
 Metaspace       used 33805K, capacity 35378K, committed 35496K, reserved 1079296K
  class space    used 4351K, capacity 4700K, committed 4784K, reserved 1048576K

Deoptimization events (10 events):
Event: 2.984 Thread 0x00007f80e8002800 Uncommon trap: reason=class_check action=maybe_recompile pc=0x00007f812cf07494 method=java.util.AbstractList$Itr.hasNext()Z @ 8
Event: 2.984 Thread 0x00007f80e8002800 Uncommon trap: reason=class_check action=maybe_recompile pc=0x00007f812d02bec8 method=java.util.AbstractList$Itr.next()Ljava/lang/Object; @ 14
Event: 2.988 Thread 0x00007f80e8002800 Uncommon trap: reason=unstable_if action=reinterpret pc=0x00007f812d029bbc method=java.io.File.getName()Ljava/lang/String; @ 16
Event: 3.039 Thread 0x00007f80e8002800 Uncommon trap: reason=unstable_if action=reinterpret pc=0x00007f812d046690 method=java.io.File.getName()Ljava/lang/String; @ 16
Event: 3.066 Thread 0x00007f80e8002800 Uncommon trap: reason=unstable_if action=reinterpret pc=0x00007f812c9eaed4 method=java.util.jar.JarFile.maybeInstantiateVerifier()V @ 75
Event: 3.066 Thread 0x00007f80e8002800 Uncommon trap: reason=class_check action=maybe_recompile pc=0x00007f812ca7fce4 method=java.util.jar.JarFile.getJarEntry(Ljava/lang/String;)Ljava/util/jar/JarEntry; @ 2
Event: 3.067 Thread 0x00007f80e8002800 Uncommon trap: reason=class_check action=maybe_recompile pc=0x00007f812ca7fce4 method=java.util.jar.JarFile.getJarEntry(Ljava/lang/String;)Ljava/util/jar/JarEntry; @ 2
Event: 3.069 Thread 0x00007f80e8002800 Uncommon trap: reason=class_check action=maybe_recompile pc=0x00007f812ca7fce4 method=java.util.jar.JarFile.getJarEntry(Ljava/lang/String;)Ljava/util/jar/JarEntry; @ 2
Event: 3.069 Thread 0x00007f80e8002800 Uncommon trap: reason=class_check action=maybe_recompile pc=0x00007f812ca7fce4 method=java.util.jar.JarFile.getJarEntry(Ljava/lang/String;)Ljava/util/jar/JarEntry; @ 2
Event: 3.077 Thread 0x00007f80e8002800 Uncommon trap: reason=unstable_if action=reinterpret pc=0x00007f812cbc4238 method=java.util.HashMap.putVal(ILjava/lang/Object;Ljava/lang/Object;ZZ)Ljava/lang/Object; @ 236

Classes redefined (0 events):
No events

Internal exceptions (10 events):
Event: 2.968 Thread 0x00007f80e8002800 Exception <a 'java/lang/ClassNotFoundException': java/lang/ObjectCustomizer> (0x00000000e0d5fec8) thrown at [/HUDSON/workspace/8-2-build-linux-amd64/jdk8u201/12317/hotspot/src/share/vm/classfile/systemDictionary.cpp, line 210]
Event: 2.968 Thread 0x00007f80e8002800 Exception <a 'java/lang/ClassNotFoundException': org/springframework/boot/autoconfigure/web/servlet/error/ErrorMvcAutoConfigurationCustomizer> (0x00000000e0d89eb0) thrown at [/HUDSON/workspace/8-2-build-linux-amd64/jdk8u201/12317/hotspot/src/share/vm/clas
Event: 2.969 Thread 0x00007f80e8002800 Exception <a 'java/lang/ClassNotFoundException': org/springframework/boot/autoconfigure/web/servlet/error/ErrorMvcAutoConfiguration$$EnhancerBySpringCGLIB$$90acb71eCustomizer> (0x00000000e0dbdc80) thrown at [/HUDSON/workspace/8-2-build-linux-amd64/jdk8u20
Event: 2.969 Thread 0x00007f80e8002800 Exception <a 'java/lang/ClassNotFoundException': org/springframework/context/annotation/ConfigurationClassEnhancer$EnhancedConfigurationCustomizer> (0x00000000e0defc90) thrown at [/HUDSON/workspace/8-2-build-linux-amd64/jdk8u201/12317/hotspot/src/share/vm
Event: 2.969 Thread 0x00007f80e8002800 Exception <a 'java/lang/ClassNotFoundException': org/springframework/beans/factory/BeanFactoryAwareCustomizer> (0x00000000e0e0c050) thrown at [/HUDSON/workspace/8-2-build-linux-amd64/jdk8u201/12317/hotspot/src/share/vm/classfile/systemDictionary.cpp, line
Event: 2.970 Thread 0x00007f80e8002800 Exception <a 'java/lang/ClassNotFoundException': org/springframework/beans/factory/AwareCustomizer> (0x00000000e0e25ef0) thrown at [/HUDSON/workspace/8-2-build-linux-amd64/jdk8u201/12317/hotspot/src/share/vm/classfile/systemDictionary.cpp, line 210]
Event: 2.973 Thread 0x00007f80e8002800 Exception <a 'java/lang/ClassNotFoundException': java/lang/ObjectCustomizer> (0x00000000e0eb4c58) thrown at [/HUDSON/workspace/8-2-build-linux-amd64/jdk8u201/12317/hotspot/src/share/vm/classfile/systemDictionary.cpp, line 210]
Event: 2.973 Thread 0x00007f80e8002800 Exception <a 'java/lang/ClassNotFoundException': org/springframework/boot/autoconfigure/web/servlet/error/ErrorMvcAutoConfiguration$ErrorPageCustomizerCustomizer> (0x00000000e0ee44f0) thrown at [/HUDSON/workspace/8-2-build-linux-amd64/jdk8u201/12317/hotsp
Event: 2.973 Thread 0x00007f80e8002800 Exception <a 'java/lang/ClassNotFoundException': org/springframework/boot/web/server/ErrorPageRegistrarCustomizer> (0x00000000e0f055c0) thrown at [/HUDSON/workspace/8-2-build-linux-amd64/jdk8u201/12317/hotspot/src/share/vm/classfile/systemDictionary.cpp, 
Event: 2.974 Thread 0x00007f80e8002800 Exception <a 'java/lang/ClassNotFoundException': org/springframework/core/OrderedCustomizer> (0x00000000e0f1b838) thrown at [/HUDSON/workspace/8-2-build-linux-amd64/jdk8u201/12317/hotspot/src/share/vm/classfile/systemDictionary.cpp, line 210]

Events (10 events):
Event: 3.079 loading class java/security/spec/PKCS8EncodedKeySpec
Event: 3.079 loading class java/security/spec/PKCS8EncodedKeySpec done
Event: 3.079 loading class sun/security/rsa/RSAPublicKeyImpl
Event: 3.079 loading class java/security/interfaces/RSAPublicKey
Event: 3.079 loading class java/security/interfaces/RSAKey
Event: 3.079 loading class java/security/interfaces/RSAKey done
Event: 3.079 loading class java/security/interfaces/RSAPublicKey done
Event: 3.079 loading class sun/security/rsa/RSAPublicKeyImpl done
Event: 3.079 loading class sun/security/x509/CertificateExtensions
Event: 3.079 Executing VM operation: CollectForMetadataAllocation


Dynamic libraries:
00400000-00401000 r-xp 00000000 08:01 4196854                            /usr/lib/jvm/java-8-oracle/bin/java
00600000-00601000 r--p 00000000 08:01 4196854                            /usr/lib/jvm/java-8-oracle/bin/java
00601000-00602000 rw-p 00001000 08:01 4196854                            /usr/lib/jvm/java-8-oracle/bin/java
01ba5000-01bc6000 rw-p 00000000 00:00 0                                  [heap]
85400000-88880000 rw-p 00000000 00:00 0 
88880000-d7180000 ---p 00000000 00:00 0 
d7180000-ec280000 rw-p 00000000 00:00 0 
ec280000-100000000 ---p 00000000 00:00 0 
100000000-1004ac000 rw-p 00000000 00:00 0 
1004ac000-140000000 ---p 00000000 00:00 0 
7f80d3a00000-7f80d3bfe000 rw-p 00000000 00:00 0 
7f80d3bfe000-7f80d3c00000 ---p 00000000 00:00 0 
7f80d3c00000-7f80d3e00000 rw-p 00000000 00:00 0 
7f80d3e00000-7f80d4000000 rw-p 00000000 00:00 0 
7f80d4000000-7f80d4021000 rw-p 00000000 00:00 0 
7f80d4021000-7f80d8000000 ---p 00000000 00:00 0 
7f80d8000000-7f80d8064000 rw-p 00000000 00:00 0 
7f80d8064000-7f80dc000000 ---p 00000000 00:00 0 
7f80dc000000-7f80dc8ad000 rw-p 00000000 00:00 0 
7f80dc8ad000-7f80e0000000 ---p 00000000 00:00 0 
7f80e0000000-7f80e03f9000 rw-p 00000000 00:00 0 
7f80e03f9000-7f80e4000000 ---p 00000000 00:00 0 
7f80e4000000-7f80e4021000 rw-p 00000000 00:00 0 
7f80e4021000-7f80e8000000 ---p 00000000 00:00 0 
7f80e8000000-7f80e8021000 rw-p 00000000 00:00 0 
7f80e8021000-7f80ec000000 ---p 00000000 00:00 0 
7f80ec000000-7f80ed0d0000 rw-p 00000000 00:00 0 
7f80ed0d0000-7f80f0000000 ---p 00000000 00:00 0 
7f80f0000000-7f80f0021000 rw-p 00000000 00:00 0 
7f80f0021000-7f80f4000000 ---p 00000000 00:00 0 
7f80f4000000-7f80f58c0000 rw-p 00000000 00:00 0 
7f80f58c0000-7f80f8000000 ---p 00000000 00:00 0 
7f80f8000000-7f80f9939000 rw-p 00000000 00:00 0 
7f80f9939000-7f80fc000000 ---p 00000000 00:00 0 
7f80fc000000-7f80fc021000 rw-p 00000000 00:00 0 
7f80fc021000-7f8100000000 ---p 00000000 00:00 0 
7f8100000000-7f8100021000 rw-p 00000000 00:00 0 
7f8100021000-7f8104000000 ---p 00000000 00:00 0 
7f8104000000-7f8104021000 rw-p 00000000 00:00 0 
7f8104021000-7f8108000000 ---p 00000000 00:00 0 
7f8108000000-7f8108021000 rw-p 00000000 00:00 0 
7f8108021000-7f810c000000 ---p 00000000 00:00 0 
7f810c000000-7f810c021000 rw-p 00000000 00:00 0 
7f810c021000-7f8110000000 ---p 00000000 00:00 0 
7f8110000000-7f8110021000 rw-p 00000000 00:00 0 
7f8110021000-7f8114000000 ---p 00000000 00:00 0 
7f8114000000-7f8114021000 rw-p 00000000 00:00 0 
7f8114021000-7f8118000000 ---p 00000000 00:00 0 
7f81181eb000-7f81183eb000 rw-p 00000000 00:00 0 
7f81183eb000-7f81185eb000 rw-p 00000000 00:00 0 
7f81185eb000-7f81185ee000 ---p 00000000 00:00 0 
7f81185ee000-7f81188ec000 rw-p 00000000 00:00 0 
7f81188ec000-7f81188ef000 ---p 00000000 00:00 0 
7f81188ef000-7f8118bed000 rw-p 00000000 00:00 0 
7f8118bed000-7f8118bfe000 r-xp 00000000 08:01 4598305                    /usr/lib/jvm/java-8-oracle/jre/lib/amd64/libnio.so
7f8118bfe000-7f8118dfd000 ---p 00011000 08:01 4598305                    /usr/lib/jvm/java-8-oracle/jre/lib/amd64/libnio.so
7f8118dfd000-7f8118dfe000 r--p 00010000 08:01 4598305                    /usr/lib/jvm/java-8-oracle/jre/lib/amd64/libnio.so
7f8118dfe000-7f8118dff000 rw-p 00011000 08:01 4598305                    /usr/lib/jvm/java-8-oracle/jre/lib/amd64/libnio.so
7f8118dff000-7f8118fff000 rw-p 00000000 00:00 0 
7f8118fff000-7f811c000000 rw-p 00000000 00:00 0 
7f811c000000-7f811c021000 rw-p 00000000 00:00 0 
7f811c021000-7f8120000000 ---p 00000000 00:00 0 
7f81200a0000-7f8124000000 rw-p 00000000 00:00 0 
7f8124000000-7f81242a4000 rw-p 00000000 00:00 0 
7f81242a4000-7f8128000000 ---p 00000000 00:00 0 
7f8128006000-7f812800a000 r--s 000a1000 08:01 4331046                    /usr/lib/jvm/java-8-oracle/jre/lib/jsse.jar
7f812800a000-7f8128013000 r-xp 00000000 08:01 4598310                    /usr/lib/jvm/java-8-oracle/jre/lib/amd64/libmanagement.so
7f8128013000-7f8128212000 ---p 00009000 08:01 4598310                    /usr/lib/jvm/java-8-oracle/jre/lib/amd64/libmanagement.so
7f8128212000-7f8128213000 r--p 00008000 08:01 4598310                    /usr/lib/jvm/java-8-oracle/jre/lib/amd64/libmanagement.so
7f8128213000-7f8128214000 rw-p 00009000 08:01 4598310                    /usr/lib/jvm/java-8-oracle/jre/lib/amd64/libmanagement.so
7f8128214000-7f8128414000 rw-p 00000000 00:00 0 
7f8128414000-7f81284aa000 r--s 0110e000 08:01 4460224                    /usr/lib/jvm/java-8-oracle/jre/lib/ext/jfxrt.jar
7f81284aa000-7f81286aa000 rw-p 00000000 00:00 0 
7f81286aa000-7f81286ad000 ---p 00000000 00:00 0 
7f81286ad000-7f81287ab000 rw-p 00000000 00:00 0 
7f81287ab000-7f81287ae000 ---p 00000000 00:00 0 
7f81287ae000-7f81288ac000 rw-p 00000000 00:00 0 
7f81288ac000-7f81288af000 ---p 00000000 00:00 0 
7f81288af000-7f81289ad000 rw-p 00000000 00:00 0 
7f81289ad000-7f81289ae000 ---p 00000000 00:00 0 
7f81289ae000-7f8128aae000 rw-p 00000000 00:00 0 
7f8128aae000-7f8128ab1000 ---p 00000000 00:00 0 
7f8128ab1000-7f8128baf000 rw-p 00000000 00:00 0 
7f8128baf000-7f8128bb2000 ---p 00000000 00:00 0 
7f8128bb2000-7f8128cb0000 rw-p 00000000 00:00 0 
7f8128cb0000-7f8128cc6000 r-xp 00000000 08:01 4598302                    /usr/lib/jvm/java-8-oracle/jre/lib/amd64/libnet.so
7f8128cc6000-7f8128ec6000 ---p 00016000 08:01 4598302                    /usr/lib/jvm/java-8-oracle/jre/lib/amd64/libnet.so
7f8128ec6000-7f8128ec7000 r--p 00016000 08:01 4598302                    /usr/lib/jvm/java-8-oracle/jre/lib/amd64/libnet.so
7f8128ec7000-7f8128ec8000 rw-p 00017000 08:01 4598302                    /usr/lib/jvm/java-8-oracle/jre/lib/amd64/libnet.so
7f8128ec8000-7f8128ecb000 ---p 00000000 00:00 0 
7f8128ecb000-7f8128fc9000 rw-p 00000000 00:00 0 
7f8128fc9000-7f8128fcc000 ---p 00000000 00:00 0 
7f8128fcc000-7f81290ca000 rw-p 00000000 00:00 0 
7f81290ca000-7f81290cd000 ---p 00000000 00:00 0 
7f81290cd000-7f81291cb000 rw-p 00000000 00:00 0 
7f81291cb000-7f81291cd000 r--s 0001b000 08:01 8522242                    /home/webwerks/Downloads/idea-IC-192.6817.14/lib/idea_rt.jar
7f81291cd000-7f81291e4000 r--s 00198000 08:01 9175362                    /home/webwerks/.m2/repository/org/projectlombok/lombok/1.18.10/lombok-1.18.10.jar
7f81291e4000-7f81291ec000 r--s 00037000 08:01 8654091                    /home/webwerks/.m2/repository/org/springframework/spring-tx/5.1.10.RELEASE/spring-tx-5.1.10.RELEASE.jar
7f81291ec000-7f81291ed000 r--s 00005000 08:01 9175341                    /home/webwerks/.m2/repository/org/springframework/spring-jcl/5.1.10.RELEASE/spring-jcl-5.1.10.RELEASE.jar
7f81291ed000-7f8129206000 r--s 00125000 08:01 9175316                    /home/webwerks/.m2/repository/org/springframework/spring-core/5.1.10.RELEASE/spring-core-5.1.10.RELEASE.jar
7f8129206000-7f8129212000 r--s 00099000 08:01 9175323                    /home/webwerks/.m2/repository/org/springframework/spring-beans/5.1.10.RELEASE/spring-beans-5.1.10.RELEASE.jar
7f8129212000-7f812921c000 r--s 0005a000 08:01 9047458                    /home/webwerks/.m2/repository/org/springframework/spring-jdbc/5.2.0.RELEASE/spring-jdbc-5.2.0.RELEASE.jar
7f812921c000-7f8129235000 r--s 00220000 08:01 8786041                    /home/webwerks/.m2/repository/mysql/mysql-connector-java/8.0.18/mysql-connector-java-8.0.18.jar
7f8129235000-7f8129259000 r--s 00113000 08:01 9175363                    /home/webwerks/.m2/repository/org/springframework/boot/spring-boot-autoconfigure/2.1.9.RELEASE/spring-boot-autoconfigure-2.1.9.RELEASE.jar
7f8129259000-7f812926e000 r--s 000d5000 08:01 9175331                    /home/webwerks/.m2/repository/org/springframework/boot/spring-boot/2.1.9.RELEASE/spring-boot-2.1.9.RELEASE.jar
7f812926e000-7f8129274000 r--s 0002e000 08:01 9175354                    /home/webwerks/.m2/repository/org/springframework/boot/spring-boot-devtools/2.1.9.RELEASE/spring-boot-devtools-2.1.9.RELEASE.jar
7f8129274000-7f8129283000 r--s 00075000 08:01 9047388                    /home/webwerks/.m2/repository/org/springframework/security/spring-security-web/5.1.6.RELEASE/spring-security-web-5.1.6.RELEASE.jar
7f8129283000-7f812928f000 r--s 0005e000 08:01 9047390                    /home/webwerks/.m2/repository/org/springframework/security/spring-security-core/5.1.6.RELEASE/spring-security-core-5.1.6.RELEASE.jar
7f812928f000-7f812929c000 r--s 000b1000 08:01 9047386                    /home/webwerks/.m2/repository/org/springframework/security/spring-security-config/5.1.6.RELEASE/spring-security-config-5.1.6.RELEASE.jar
7f812929c000-7f81292a5000 r--s 00052000 08:01 9175352                    /home/webwerks/.m2/repository/org/springframework/spring-aop/5.1.10.RELEASE/spring-aop-5.1.10.RELEASE.jar
7f81292a5000-7f81292a6000 r--s 00000000 08:01 9177839                    /home/webwerks/.m2/repository/org/springframework/boot/spring-boot-starter-security/2.1.9.RELEASE/spring-boot-starter-security-2.1.9.RELEASE.jar
7f81292a6000-7f81292ab000 r--s 00040000 08:01 9175315                    /home/webwerks/.m2/repository/org/springframework/spring-expression/5.1.10.RELEASE/spring-expression-5.1.10.RELEASE.jar
7f81292ab000-7f81292ba000 r--s 000b5000 08:01 9175317                    /home/webwerks/.m2/repository/org/springframework/spring-webmvc/5.1.10.RELEASE/spring-webmvc-5.1.10.RELEASE.jar
7f81292ba000-7f81292d6000 r--s 00138000 08:01 9175324                    /home/webwerks/.m2/repository/org/springframework/spring-web/5.1.10.RELEASE/spring-web-5.1.10.RELEASE.jar
7f81292d6000-7f81292db000 r--s 00012000 08:01 8651786                    /home/webwerks/.m2/repository/javax/validation/validation-api/2.0.1.Final/validation-api-2.0.1.Final.jar
7f81292db000-7f81292f8000 r--s 000fe000 08:01 9175344                    /home/webwerks/.m2/repository/org/hibernate/validator/hibernate-validator/6.0.17.Final/hibernate-validator-6.0.17.Final.jar
7f81292f8000-7f81292fd000 r--s 0003c000 08:01 9175332                    /home/webwerks/.m2/repository/org/apache/tomcat/embed/tomcat-embed-websocket/9.0.26/tomcat-embed-websocket-9.0.26.jar
7f81292fd000-7f8129302000 r--s 00039000 08:01 9175330                    /home/webwerks/.m2/repository/org/apache/tomcat/embed/tomcat-embed-el/9.0.26/tomcat-embed-el-9.0.26.jar
7f8129302000-7f812932e000 r--s 0030a000 08:01 9175337                    /home/webwerks/.m2/repository/org/apache/tomcat/embed/tomcat-embed-core/9.0.26/tomcat-embed-core-9.0.26.jar
7f812932e000-7f812932f000 r--s 00000000 08:01 9175334                    /home/webwerks/.m2/repository/org/springframework/boot/spring-boot-starter-tomcat/2.1.9.RELEASE/spring-boot-starter-tomcat-2.1.9.RELEASE.jar
7f812932f000-7f8129331000 r--s 00001000 08:01 9175338                    /home/webwerks/.m2/repository/com/fasterxml/jackson/module/jackson-module-parameter-names/2.9.9/jackson-module-parameter-names-2.9.9.jar
7f8129331000-7f8129334000 r--s 00016000 08:01 9175309                    /home/webwerks/.m2/repository/com/fasterxml/jackson/datatype/jackson-datatype-jsr310/2.9.9/jackson-datatype-jsr310-2.9.9.jar
7f8129334000-7f8129336000 r--s 00007000 08:01 9175333                    /home/webwerks/.m2/repository/com/fasterxml/jackson/datatype/jackson-datatype-jdk8/2.9.9/jackson-datatype-jdk8-2.9.9.jar
7f8129336000-7f8129337000 r--s 00000000 08:01 9175320                    /home/webwerks/.m2/repository/org/springframework/boot/spring-boot-starter-json/2.1.9.RELEASE/spring-boot-starter-json-2.1.9.RELEASE.jar
7f8129337000-7f8129338000 r--s 00000000 08:01 9175327                    /home/webwerks/.m2/repository/org/springframework/boot/spring-boot-starter-web/2.1.9.RELEASE/spring-boot-starter-web-2.1.9.RELEASE.jar
7f8129338000-7f812933a000 r--s 00009000 08:01 9175374                    /home/webwerks/.m2/repository/org/slf4j/slf4j-api/1.7.28/slf4j-api-1.7.28.jar
7f812933a000-7f812933c000 r--s 0000a000 08:01 9047447                    /home/webwerks/.m2/repository/org/thymeleaf/extras/thymeleaf-extras-springsecurity5/3.0.4.RELEASE/thymeleaf-extras-springsecurity5-3.0.4.RELEASE.jar
7f812933c000-7f812933d000 r--s 00009000 08:01 9175289                    /home/webwerks/.m2/repository/org/thymeleaf/extras/thymeleaf-extras-java8time/3.0.4.RELEASE/thymeleaf-extras-java8time-3.0.4.RELEASE.jar
7f812933d000-7f8129340000 r--s 00028000 08:01 8782468                    /home/webwerks/.m2/repository/org/unbescape/unbescape/1.1.6.RELEASE/unbescape-1.1.6.RELEASE.jar
7f8129340000-7f8129345000 r--s 00037000 08:01 8782466                    /home/webwerks/.m2/repository/org/attoparser/attoparser/2.0.5.RELEASE/attoparser-2.0.5.RELEASE.jar
7f8129345000-7f8129355000 r--s 000c5000 08:01 8782464                    /home/webwerks/.m2/repository/org/thymeleaf/thymeleaf/3.0.11.RELEASE/thymeleaf-3.0.11.RELEASE.jar
7f8129355000-7f812935a000 r--s 00027000 08:01 8782462                    /home/webwerks/.m2/repository/org/thymeleaf/thymeleaf-spring5/3.0.11.RELEASE/thymeleaf-spring5-3.0.11.RELEASE.jar
7f812935a000-7f8129361000 r--s 00043000 08:01 8651754                    /home/webwerks/.m2/repository/org/yaml/snakeyaml/1.23/snakeyaml-1.23.jar
7f8129361000-7f8129363000 r--s 00005000 08:01 8651752                    /home/webwerks/.m2/repository/javax/annotation/javax.annotation-api/1.3.2/javax.annotation-api-1.3.2.jar
7f8129363000-7f8129365000 r--s 00000000 08:01 9175299                    /home/webwerks/.m2/repository/org/slf4j/jul-to-slf4j/1.7.28/jul-to-slf4j-1.7.28.jar
7f8129365000-7f812936b000 r--s 0003c000 08:01 8784648                    /home/webwerks/.m2/repository/org/apache/logging/log4j/log4j-api/2.11.2/log4j-api-2.11.2.jar
7f812936b000-7f812936d000 r--s 00003000 08:01 8784646                    /home/webwerks/.m2/repository/org/apache/logging/log4j/log4j-to-slf4j/2.11.2/log4j-to-slf4j-2.11.2.jar
7f812936d000-7f8129378000 r--s 00069000 08:01 8651746                    /home/webwerks/.m2/repository/ch/qos/logback/logback-core/1.2.3/logback-core-1.2.3.jar
7f8129378000-7f812937e000 r--s 00041000 08:01 8651744                    /home/webwerks/.m2/repository/ch/qos/logback/logback-classic/1.2.3/logback-classic-1.2.3.jar
7f812937e000-7f812937f000 r--s 00000000 08:01 9175306                    /home/webwerks/.m2/repository/org/springframework/boot/spring-boot-starter-logging/2.1.9.RELEASE/spring-boot-starter-logging-2.1.9.RELEASE.jar
7f812937f000-7f8129380000 r--s 00000000 08:01 9175319                    /home/webwerks/.m2/repository/org/springframework/boot/spring-boot-starter/2.1.9.RELEASE/spring-boot-starter-2.1.9.RELEASE.jar
7f8129380000-7f8129381000 r--s 00000000 08:01 9175284                    /home/webwerks/.m2/repository/org/springframework/boot/spring-boot-starter-thymeleaf/2.1.9.RELEASE/spring-boot-starter-thymeleaf-2.1.9.RELEASE.jar
7f8129381000-7f8129384000 r--s 0000e000 08:01 8651766                    /home/webwerks/.m2/repository/com/fasterxml/jackson/core/jackson-annotations/2.9.0/jackson-annotations-2.9.0.jar
7f8129384000-7f8129388000 r--s 0004c000 08:01 9175305                    /home/webwerks/.m2/repository/com/fasterxml/jackson/core/jackson-core/2.9.9/jackson-core-2.9.9.jar
7f8129388000-7f812939b000 r--s 00137000 08:01 9175336                    /home/webwerks/.m2/repository/com/fasterxml/jackson/core/jackson-databind/2.9.9.3/jackson-databind-2.9.9.3.jar
7f812939b000-7f812939d000 r--s 00002000 08:01 9177487                    /home/webwerks/.m2/repository/org/atteo/evo-inflector/1.2.2/evo-inflector-1.2.2.jar
7f812939d000-7f812939e000 r--s 00004000 08:01 8784300                    /home/webwerks/.m2/repository/org/springframework/plugin/spring-plugin-core/1.2.0.RELEASE/spring-plugin-core-1.2.0.RELEASE.jar
7f812939e000-7f81293a4000 r--s 00030000 08:01 8784295                    /home/webwerks/.m2/repository/org/springframework/hateoas/spring-hateoas/0.25.2.RELEASE/spring-hateoas-0.25.2.RELEASE.jar
7f81293a4000-7f81293a9000 r--s 00020000 08:01 8784293                    /home/webwerks/.m2/repository/org/springframework/data/spring-data-rest-core/3.1.11.RELEASE/spring-data-rest-core-3.1.11.RELEASE.jar
7f81293a9000-7f81293b1000 r--s 0004e000 08:01 8784291                    /home/webwerks/.m2/repository/org/springframework/data/spring-data-rest-webmvc/3.1.11.RELEASE/spring-data-rest-webmvc-3.1.11.RELEASE.jar
7f81293b1000-7f81293b2000 r--s 00000000 08:01 9177486                    /home/webwerks/.m2/repository/org/springframework/boot/spring-boot-starter-data-rest/2.1.9.RELEASE/spring-boot-starter-data-rest-2.1.9.RELEASE.jar
7f81293b2000-7f81293b4000 r--s 0000a000 08:01 8654223                    /home/webwerks/.m2/repository/org/springframework/spring-aspects/5.1.10.RELEASE/spring-aspects-5.1.10.RELEASE.jar
7f81293b4000-7f81293ce000 r--s 000f4000 08:01 9175366                    /home/webwerks/.m2/repository/org/springframework/spring-context/5.1.10.RELEASE/spring-context-5.1.10.RELEASE.jar
7f81293ce000-7f81293d2000 r--s 0002d000 08:01 8654089                    /home/webwerks/.m2/repository/org/springframework/spring-orm/5.1.10.RELEASE/spring-orm-5.1.10.RELEASE.jar
7f81293d2000-7f81293eb000 r--s 00107000 08:01 8654222                    /home/webwerks/.m2/repository/org/springframework/data/spring-data-commons/2.1.11.RELEASE/spring-data-commons-2.1.11.RELEASE.jar
7f81293eb000-7f81293f4000 r--s 00050000 08:01 8654216                    /home/webwerks/.m2/repository/org/springframework/data/spring-data-jpa/2.1.11.RELEASE/spring-data-jpa-2.1.11.RELEASE.jar
7f81293f4000-7f81293fa000 r--s 00047000 08:01 9177108                    /home/webwerks/.m2/repository/com/sun/xml/fastinfoset/FastInfoset/1.2.15/FastInfoset-1.2.15.jar
7f81293fa000-7f81293fb000 r--s 00008000 08:01 9177129                    /home/webwerks/.m2/repository/org/jvnet/staxex/stax-ex/1.8/stax-ex-1.8.jar
7f81293fb000-7f81293fd000 r--s 00005000 08:01 9177128                    /home/webwerks/.m2/repository/com/sun/istack/istack-commons-runtime/3.0.7/istack-commons-runtime-3.0.7.jar
7f81293fd000-7f8129400000 r--s 0000f000 08:01 9177127                    /home/webwerks/.m2/repository/org/glassfish/jaxb/txw2/2.3.1/txw2-2.3.1.jar
7f8129400000-7f8129414000 r--s 000f7000 08:01 9177114                    /home/webwerks/.m2/repository/org/glassfish/jaxb/jaxb-runtime/2.3.1/jaxb-runtime-2.3.1.jar
7f8129414000-7f8129417000 r--s 00010000 08:01 8651720                    /home/webwerks/.m2/repository/org/hibernate/common/hibernate-commons-annotations/5.0.4.Final/hibernate-commons-annotations-5.0.4.Final.jar
7f8129417000-7f812941c000 r--s 0004b000 08:01 8651718                    /home/webwerks/.m2/repository/org/dom4j/dom4j/2.1.1/dom4j-2.1.1.jar
7f812941c000-7f812941e000 r--s 0000f000 08:01 8651716                    /home/webwerks/.m2/repository/com/fasterxml/classmate/1.4.0/classmate-1.4.0.jar
7f812941e000-7f8129421000 r--s 0002b000 08:01 8651714                    /home/webwerks/.m2/repository/org/jboss/jandex/2.0.5.Final/jandex-2.0.5.Final.jar
7f8129421000-7f8129426000 r--s 00068000 08:01 8651712                    /home/webwerks/.m2/repository/antlr/antlr/2.7.7/antlr-2.7.7.jar
7f8129426000-7f812946e000 r--s 002de000 08:01 9175376                    /home/webwerks/.m2/repository/net/bytebuddy/byte-buddy/1.9.16/byte-buddy-1.9.16.jar
7f812946e000-7f8129479000 r--s 000b2000 08:01 9177494                    /home/webwerks/.m2/repository/org/javassist/javassist/3.23.2-GA/javassist-3.23.2-GA.jar
7f8129479000-7f812947f000 r--s 00023000 08:01 8651706                    /home/webwerks/.m2/repository/javax/persistence/javax.persistence-api/2.2/javax.persistence-api-2.2.jar
7f812947f000-7f8129481000 r--s 0000f000 08:01 9175343                    /home/webwerks/.m2/repository/org/jboss/logging/jboss-logging/3.3.3.Final/jboss-logging-3.3.3.Final.jar
7f8129481000-7f8129503000 r--s 0062c000 08:01 9177495                    /home/webwerks/.m2/repository/org/hibernate/hibernate-core/5.3.12.Final/hibernate-core-5.3.12.Final.jar
7f8129503000-7f8129505000 r--s 0000c000 08:01 8651700                    /home/webwerks/.m2/repository/javax/activation/javax.activation-api/1.2.0/javax.activation-api-1.2.0.jar
7f8129505000-7f8129509000 r--s 0001c000 08:01 8651698                    /home/webwerks/.m2/repository/javax/xml/bind/jaxb-api/2.3.1/jaxb-api-2.3.1.jar
7f8129509000-7f812950a000 r--s 00006000 08:01 8651696                    /home/webwerks/.m2/repository/javax/transaction/javax.transaction-api/1.3/javax.transaction-api-1.3.jar
7f812950a000-7f812950e000 r--s 00020000 08:01 8651756                    /home/webwerks/.m2/repository/com/zaxxer/HikariCP/3.2.0/HikariCP-3.2.0.jar
7f812950e000-7f812950f000 r--s 00000000 08:01 8654215                    /home/webwerks/.m2/repository/org/springframework/boot/spring-boot-starter-jdbc/2.1.9.RELEASE/spring-boot-starter-jdbc-2.1.9.RELEASE.jar
7f812950f000-7f8129528000 r--s 001da000 08:01 8654213                    /home/webwerks/.m2/repository/org/aspectj/aspectjweaver/1.9.4/aspectjweaver-1.9.4.jar
7f8129528000-7f8129529000 r--s 00000000 08:01 8654217                    /home/webwerks/.m2/repository/org/springframework/boot/spring-boot-starter-aop/2.1.9.RELEASE/spring-boot-starter-aop-2.1.9.RELEASE.jar
7f8129529000-7f812952a000 r--s 00000000 08:01 8654211                    /home/webwerks/.m2/repository/org/springframework/boot/spring-boot-starter-data-jpa/2.1.9.RELEASE/spring-boot-starter-data-jpa-2.1.9.RELEASE.jar
7f812952a000-7f812953d000 r--s 00345000 08:01 4331045                    /usr/lib/jvm/java-8-oracle/jre/lib/resources.jar
7f812953d000-7f8129550000 r--s 000d6000 08:01 4331007                    /usr/lib/jvm/java-8-oracle/jre/lib/plugin.jar
7f8129550000-7f812956b000 r--s 0020c000 08:01 4330983                    /usr/lib/jvm/java-8-oracle/jre/lib/deploy.jar
7f812956b000-7f812956e000 ---p 00000000 00:00 0 
7f812956e000-7f812966c000 rw-p 00000000 00:00 0 
7f812966c000-7f8129944000 r--p 00000000 08:01 4064725                    /usr/lib/locale/locale-archive
7f8129944000-7f8129947000 ---p 00000000 00:00 0 
7f8129947000-7f8129a45000 rw-p 00000000 00:00 0 
7f8129a45000-7f8129a48000 ---p 00000000 00:00 0 
7f8129a48000-7f8129b46000 rw-p 00000000 00:00 0 
7f8129b46000-7f8129b47000 ---p 00000000 00:00 0 
7f8129b47000-7f812ab56000 rw-p 00000000 00:00 0 
7f812ab56000-7f812ad30000 r--s 03d6f000 08:01 4331041                    /usr/lib/jvm/java-8-oracle/jre/lib/rt.jar
7f812ad30000-7f812b97c000 rw-p 00000000 00:00 0 
7f812b97c000-7f812b97d000 ---p 00000000 00:00 0 
7f812b97d000-7f812ba7d000 rw-p 00000000 00:00 0 
7f812ba7d000-7f812ba7e000 ---p 00000000 00:00 0 
7f812ba7e000-7f812bb99000 rw-p 00000000 00:00 0 
7f812bb99000-7f812be0d000 ---p 00000000 00:00 0 
7f812be0d000-7f812be28000 rw-p 00000000 00:00 0 
7f812be28000-7f812c09b000 ---p 00000000 00:00 0 
7f812c09b000-7f812c145000 rw-p 00000000 00:00 0 
7f812c145000-7f812c1e3000 ---p 00000000 00:00 0 
7f812c1e3000-7f812c215000 rw-p 00000000 00:00 0 
7f812c215000-7f812c5a4000 ---p 00000000 00:00 0 
7f812c5a4000-7f812d1e4000 rwxp 00000000 00:00 0 
7f812d1e4000-7f813b5a4000 ---p 00000000 00:00 0 
7f813b5a4000-7f813b5bf000 r-xp 00000000 08:01 4598298                    /usr/lib/jvm/java-8-oracle/jre/lib/amd64/libzip.so
7f813b5bf000-7f813b7be000 ---p 0001b000 08:01 4598298                    /usr/lib/jvm/java-8-oracle/jre/lib/amd64/libzip.so
7f813b7be000-7f813b7bf000 r--p 0001a000 08:01 4598298                    /usr/lib/jvm/java-8-oracle/jre/lib/amd64/libzip.so
7f813b7bf000-7f813b7c0000 rw-p 0001b000 08:01 4598298                    /usr/lib/jvm/java-8-oracle/jre/lib/amd64/libzip.so
7f813b7c0000-7f813b7cb000 r-xp 00000000 08:01 12058878                   /lib/x86_64-linux-gnu/libnss_files-2.23.so
7f813b7cb000-7f813b9ca000 ---p 0000b000 08:01 12058878                   /lib/x86_64-linux-gnu/libnss_files-2.23.so
7f813b9ca000-7f813b9cb000 r--p 0000a000 08:01 12058878                   /lib/x86_64-linux-gnu/libnss_files-2.23.so
7f813b9cb000-7f813b9cc000 rw-p 0000b000 08:01 12058878                   /lib/x86_64-linux-gnu/libnss_files-2.23.so
7f813b9cc000-7f813b9d2000 rw-p 00000000 00:00 0 
7f813b9d2000-7f813b9dd000 r-xp 00000000 08:01 12058871                   /lib/x86_64-linux-gnu/libnss_nis-2.23.so
7f813b9dd000-7f813bbdc000 ---p 0000b000 08:01 12058871                   /lib/x86_64-linux-gnu/libnss_nis-2.23.so
7f813bbdc000-7f813bbdd000 r--p 0000a000 08:01 12058871                   /lib/x86_64-linux-gnu/libnss_nis-2.23.so
7f813bbdd000-7f813bbde000 rw-p 0000b000 08:01 12058871                   /lib/x86_64-linux-gnu/libnss_nis-2.23.so
7f813bbde000-7f813bbf4000 r-xp 00000000 08:01 12058876                   /lib/x86_64-linux-gnu/libnsl-2.23.so
7f813bbf4000-7f813bdf3000 ---p 00016000 08:01 12058876                   /lib/x86_64-linux-gnu/libnsl-2.23.so
7f813bdf3000-7f813bdf4000 r--p 00015000 08:01 12058876                   /lib/x86_64-linux-gnu/libnsl-2.23.so
7f813bdf4000-7f813bdf5000 rw-p 00016000 08:01 12058876                   /lib/x86_64-linux-gnu/libnsl-2.23.so
7f813bdf5000-7f813bdf7000 rw-p 00000000 00:00 0 
7f813bdf7000-7f813bdff000 r-xp 00000000 08:01 12058882                   /lib/x86_64-linux-gnu/libnss_compat-2.23.so
7f813bdff000-7f813bffe000 ---p 00008000 08:01 12058882                   /lib/x86_64-linux-gnu/libnss_compat-2.23.so
7f813bffe000-7f813bfff000 r--p 00007000 08:01 12058882                   /lib/x86_64-linux-gnu/libnss_compat-2.23.so
7f813bfff000-7f813c000000 rw-p 00008000 08:01 12058882                   /lib/x86_64-linux-gnu/libnss_compat-2.23.so
7f813c000000-7f813c935000 rw-p 00000000 00:00 0 
7f813c935000-7f8140000000 ---p 00000000 00:00 0 
7f8140000000-7f8140001000 ---p 00000000 00:00 0 
7f8140001000-7f8140101000 rw-p 00000000 00:00 0 
7f8140101000-7f8140102000 ---p 00000000 00:00 0 
7f8140102000-7f8140202000 rw-p 00000000 00:00 0 
7f8140202000-7f814020c000 r-xp 00000000 08:01 4598307                    /usr/lib/jvm/java-8-oracle/jre/lib/amd64/libinstrument.so
7f814020c000-7f814040b000 ---p 0000a000 08:01 4598307                    /usr/lib/jvm/java-8-oracle/jre/lib/amd64/libinstrument.so
7f814040b000-7f814040c000 r--p 00009000 08:01 4598307                    /usr/lib/jvm/java-8-oracle/jre/lib/amd64/libinstrument.so
7f814040c000-7f814040d000 rw-p 0000a000 08:01 4598307                    /usr/lib/jvm/java-8-oracle/jre/lib/amd64/libinstrument.so
7f814040d000-7f8140439000 r-xp 00000000 08:01 4598292                    /usr/lib/jvm/java-8-oracle/jre/lib/amd64/libjava.so
7f8140439000-7f8140639000 ---p 0002c000 08:01 4598292                    /usr/lib/jvm/java-8-oracle/jre/lib/amd64/libjava.so
7f8140639000-7f814063a000 r--p 0002c000 08:01 4598292                    /usr/lib/jvm/java-8-oracle/jre/lib/amd64/libjava.so
7f814063a000-7f814063c000 rw-p 0002d000 08:01 4598292                    /usr/lib/jvm/java-8-oracle/jre/lib/amd64/libjava.so
7f814063c000-7f8140649000 r-xp 00000000 08:01 4598297                    /usr/lib/jvm/java-8-oracle/jre/lib/amd64/libverify.so
7f8140649000-7f8140848000 ---p 0000d000 08:01 4598297                    /usr/lib/jvm/java-8-oracle/jre/lib/amd64/libverify.so
7f8140848000-7f814084a000 r--p 0000c000 08:01 4598297                    /usr/lib/jvm/java-8-oracle/jre/lib/amd64/libverify.so
7f814084a000-7f814084b000 rw-p 0000e000 08:01 4598297                    /usr/lib/jvm/java-8-oracle/jre/lib/amd64/libverify.so
7f814084b000-7f8140852000 r-xp 00000000 08:01 12058864                   /lib/x86_64-linux-gnu/librt-2.23.so
7f8140852000-7f8140a51000 ---p 00007000 08:01 12058864                   /lib/x86_64-linux-gnu/librt-2.23.so
7f8140a51000-7f8140a52000 r--p 00006000 08:01 12058864                   /lib/x86_64-linux-gnu/librt-2.23.so
7f8140a52000-7f8140a53000 rw-p 00007000 08:01 12058864                   /lib/x86_64-linux-gnu/librt-2.23.so
7f8140a53000-7f8140b5b000 r-xp 00000000 08:01 12058884                   /lib/x86_64-linux-gnu/libm-2.23.so
7f8140b5b000-7f8140d5a000 ---p 00108000 08:01 12058884                   /lib/x86_64-linux-gnu/libm-2.23.so
7f8140d5a000-7f8140d5b000 r--p 00107000 08:01 12058884                   /lib/x86_64-linux-gnu/libm-2.23.so
7f8140d5b000-7f8140d5c000 rw-p 00108000 08:01 12058884                   /lib/x86_64-linux-gnu/libm-2.23.so
7f8140d5c000-7f8141a44000 r-xp 00000000 08:01 4598274                    /usr/lib/jvm/java-8-oracle/jre/lib/amd64/server/libjvm.so
7f8141a44000-7f8141c43000 ---p 00ce8000 08:01 4598274                    /usr/lib/jvm/java-8-oracle/jre/lib/amd64/server/libjvm.so
7f8141c43000-7f8141cd9000 r--p 00ce7000 08:01 4598274                    /usr/lib/jvm/java-8-oracle/jre/lib/amd64/server/libjvm.so
7f8141cd9000-7f8141d0a000 rw-p 00d7d000 08:01 4598274                    /usr/lib/jvm/java-8-oracle/jre/lib/amd64/server/libjvm.so
7f8141d0a000-7f8141d45000 rw-p 00000000 00:00 0 
7f8141d45000-7f8141f05000 r-xp 00000000 08:01 12058881                   /lib/x86_64-linux-gnu/libc-2.23.so
7f8141f05000-7f8142105000 ---p 001c0000 08:01 12058881                   /lib/x86_64-linux-gnu/libc-2.23.so
7f8142105000-7f8142109000 r--p 001c0000 08:01 12058881                   /lib/x86_64-linux-gnu/libc-2.23.so
7f8142109000-7f814210b000 rw-p 001c4000 08:01 12058881                   /lib/x86_64-linux-gnu/libc-2.23.so
7f814210b000-7f814210f000 rw-p 00000000 00:00 0 
7f814210f000-7f8142112000 r-xp 00000000 08:01 12058866                   /lib/x86_64-linux-gnu/libdl-2.23.so
7f8142112000-7f8142311000 ---p 00003000 08:01 12058866                   /lib/x86_64-linux-gnu/libdl-2.23.so
7f8142311000-7f8142312000 r--p 00002000 08:01 12058866                   /lib/x86_64-linux-gnu/libdl-2.23.so
7f8142312000-7f8142313000 rw-p 00003000 08:01 12058866                   /lib/x86_64-linux-gnu/libdl-2.23.so
7f8142313000-7f814232a000 r-xp 00000000 08:01 4330902                    /usr/lib/jvm/java-8-oracle/lib/amd64/jli/libjli.so
7f814232a000-7f8142529000 ---p 00017000 08:01 4330902                    /usr/lib/jvm/java-8-oracle/lib/amd64/jli/libjli.so
7f8142529000-7f814252a000 r--p 00016000 08:01 4330902                    /usr/lib/jvm/java-8-oracle/lib/amd64/jli/libjli.so
7f814252a000-7f814252b000 rw-p 00017000 08:01 4330902                    /usr/lib/jvm/java-8-oracle/lib/amd64/jli/libjli.so
7f814252b000-7f8142543000 r-xp 00000000 08:01 12058868                   /lib/x86_64-linux-gnu/libpthread-2.23.so
7f8142543000-7f8142742000 ---p 00018000 08:01 12058868                   /lib/x86_64-linux-gnu/libpthread-2.23.so
7f8142742000-7f8142743000 r--p 00017000 08:01 12058868                   /lib/x86_64-linux-gnu/libpthread-2.23.so
7f8142743000-7f8142744000 rw-p 00018000 08:01 12058868                   /lib/x86_64-linux-gnu/libpthread-2.23.so
7f8142744000-7f8142748000 rw-p 00000000 00:00 0 
7f8142748000-7f814276e000 r-xp 00000000 08:01 12058867                   /lib/x86_64-linux-gnu/ld-2.23.so
7f814276e000-7f814276f000 r--s 00000000 08:01 4330989                    /usr/lib/jvm/java-8-oracle/jre/lib/management-agent.jar
7f814276f000-7f8142773000 r--s 000a1000 08:01 4331046                    /usr/lib/jvm/java-8-oracle/jre/lib/jsse.jar
7f8142773000-7f8142775000 r--s 00007000 08:01 4331054                    /usr/lib/jvm/java-8-oracle/jre/lib/jfxswt.jar
7f8142775000-7f814277f000 r--s 0006e000 08:01 4330992                    /usr/lib/jvm/java-8-oracle/jre/lib/javaws.jar
7f814277f000-7f8142850000 rw-p 00000000 00:00 0 
7f8142850000-7f8142853000 ---p 00000000 00:00 0 
7f8142853000-7f8142956000 rw-p 00000000 00:00 0 
7f8142956000-7f814295b000 r--s 00084000 08:01 4330982                    /usr/lib/jvm/java-8-oracle/jre/lib/jfr.jar
7f814295b000-7f814295e000 r--s 0001a000 08:01 4331052                    /usr/lib/jvm/java-8-oracle/jre/lib/jce.jar
7f814295e000-7f8142963000 r--s 002f9000 08:01 4331039                    /usr/lib/jvm/java-8-oracle/jre/lib/charsets.jar
7f8142963000-7f814296b000 rw-s 00000000 08:01 2361564                    /tmp/hsperfdata_webwerks/2479
7f814296b000-7f814296c000 rw-p 00000000 00:00 0 
7f814296c000-7f814296d000 ---p 00000000 00:00 0 
7f814296d000-7f814296e000 r--p 00025000 08:01 12058867                   /lib/x86_64-linux-gnu/ld-2.23.so
7f814296e000-7f814296f000 rw-p 00026000 08:01 12058867                   /lib/x86_64-linux-gnu/ld-2.23.so
7f814296f000-7f8142970000 rw-p 00000000 00:00 0 
7ffc5f818000-7ffc5f83c000 rw-p 00000000 00:00 0                          [stack]
7ffc5f955000-7ffc5f957000 r--p 00000000 00:00 0                          [vvar]
7ffc5f957000-7ffc5f959000 r-xp 00000000 00:00 0                          [vdso]
ffffffffff600000-ffffffffff601000 r-xp 00000000 00:00 0                  [vsyscall]

VM Arguments:
jvm_args: -javaagent:/home/webwerks/Downloads/idea-IC-192.6817.14/lib/idea_rt.jar=34275:/home/webwerks/Downloads/idea-IC-192.6817.14/bin -Dfile.encoding=UTF-8 
java_command: com.neo.bookameetingroom.BookAMeetingRoomApplication
java_class_path (initial): /usr/lib/jvm/java-8-oracle/jre/lib/charsets.jar:/usr/lib/jvm/java-8-oracle/jre/lib/deploy.jar:/usr/lib/jvm/java-8-oracle/jre/lib/ext/cldrdata.jar:/usr/lib/jvm/java-8-oracle/jre/lib/ext/dnsns.jar:/usr/lib/jvm/java-8-oracle/jre/lib/ext/jaccess.jar:/usr/lib/jvm/java-8-oracle/jre/lib/ext/jfxrt.jar:/usr/lib/jvm/java-8-oracle/jre/lib/ext/localedata.jar:/usr/lib/jvm/java-8-oracle/jre/lib/ext/nashorn.jar:/usr/lib/jvm/java-8-oracle/jre/lib/ext/sunec.jar:/usr/lib/jvm/java-8-oracle/jre/lib/ext/sunjce_provider.jar:/usr/lib/jvm/java-8-oracle/jre/lib/ext/sunpkcs11.jar:/usr/lib/jvm/java-8-oracle/jre/lib/ext/zipfs.jar:/usr/lib/jvm/java-8-oracle/jre/lib/javaws.jar:/usr/lib/jvm/java-8-oracle/jre/lib/jce.jar:/usr/lib/jvm/java-8-oracle/jre/lib/jfr.jar:/usr/lib/jvm/java-8-oracle/jre/lib/jfxswt.jar:/usr/lib/jvm/java-8-oracle/jre/lib/jsse.jar:/usr/lib/jvm/java-8-oracle/jre/lib/management-agent.jar:/usr/lib/jvm/java-8-oracle/jre/lib/plugin.jar:/usr/lib/jvm/java-8-oracle/jre/lib/resources.jar:/usr/lib/jvm/java-8-oracle/jre/lib/rt.jar:/home/webwerks/Downloads/intelliJ projects/book-a-meeting-room/target/classes:/home/webwerks/.m2/repository/org/springframework/boot/spring-boot-starter-data-jpa/2.1.9.RELEASE/spring-boot-starter-data-jpa-2.1.9.RELEASE.jar:/home/webwerks/.m2/repository/org/springframework/boot/spring-boot-starter-aop/2.1.9.RELEASE/spring-boot-starter-aop-2.1.9.RELEASE.jar:/home/webwerks/.m2/repository/org/aspectj/aspectjweaver/1.9.4/aspectjweaver-1.9.4.jar:/home/webwerks/.m2/repository/org/springframework/boot/spring-boot-starter-jdbc/2.1.9.RELEASE/spring-boot-starter-jdbc-2.1.9.RELEASE.jar:/home/webwerks/.m2/repository/com/zaxxer/HikariCP/3.2.0/HikariCP-3.2.0.jar:/home/webwerks/.m2/repository/javax/transaction/javax.transaction-api/1.3/javax.transaction-api-1.3.jar:/home/webwerks/.m2/repository/javax/xml/bind/jaxb-api/2.3.1/jaxb-api-2.3.1.jar:/home/webwerks/.m2/repository/javax/activation/javax.activation-api/1.2.0/javax.activation-api-1.2.0.jar:/h
Launcher Type: SUN_STANDARD

Environment Variables:
JAVA_HOME=/usr/lib/jvm/java-8-oracle
PATH=/home/webwerks/bin:/home/webwerks/.local/bin:/usr/local/sbin:/usr/local/bin:/usr/sbin:/usr/bin:/sbin:/bin:/usr/games:/usr/local/games:/snap/bin:/usr/lib/jvm/java-8-oracle/bin:/usr/lib/jvm/java-8-oracle/db/bin:/usr/lib/jvm/java-8-oracle/jre/bin
SHELL=/bin/bash
DISPLAY=:0

Signal Handlers:
SIGSEGV: [libjvm.so+0xad3e60], sa_mask[0]=11111111011111111101111111111110, sa_flags=SA_RESTART|SA_SIGINFO
SIGBUS: [libjvm.so+0xad3e60], sa_mask[0]=11111111011111111101111111111110, sa_flags=SA_RESTART|SA_SIGINFO
SIGFPE: [libjvm.so+0x90b880], sa_mask[0]=11111111011111111101111111111110, sa_flags=SA_RESTART|SA_SIGINFO
SIGPIPE: [libjvm.so+0x90b880], sa_mask[0]=11111111011111111101111111111110, sa_flags=SA_RESTART|SA_SIGINFO
SIGXFSZ: [libjvm.so+0x90b880], sa_mask[0]=11111111011111111101111111111110, sa_flags=SA_RESTART|SA_SIGINFO
SIGILL: [libjvm.so+0x90b880], sa_mask[0]=11111111011111111101111111111110, sa_flags=SA_RESTART|SA_SIGINFO
SIGUSR1: SIG_DFL, sa_mask[0]=00000000000000000000000000000000, sa_flags=none
SIGUSR2: [libjvm.so+0x90b750], sa_mask[0]=00100000000000000000000000000000, sa_flags=SA_RESTART|SA_SIGINFO
SIGHUP: SIG_IGN, sa_mask[0]=00000000000000000000000000000000, sa_flags=none
SIGINT: [libjvm.so+0x90bd70], sa_mask[0]=11111111011111111101111111111110, sa_flags=SA_RESTART|SA_SIGINFO
SIGTERM: [libjvm.so+0x90bd70], sa_mask[0]=11111111011111111101111111111110, sa_flags=SA_RESTART|SA_SIGINFO
SIGQUIT: [libjvm.so+0x90bd70], sa_mask[0]=11111111011111111101111111111110, sa_flags=SA_RESTART|SA_SIGINFO


---------------  S Y S T E M  ---------------

OS:DISTRIB_ID=Ubuntu
DISTRIB_RELEASE=16.04
DISTRIB_CODENAME=xenial
DISTRIB_DESCRIPTION="Ubuntu 16.04.6 LTS"

uname:Linux 4.4.0-31-generic #50-Ubuntu SMP Wed Jul 13 00:07:12 UTC 2016 x86_64
libc:glibc 2.23 NPTL 2.23 
rlimit: STACK 8192k, CORE 0k, NPROC 31249, NOFILE 1048576, AS infinity
load average:0.42 0.39 0.42

/proc/meminfo:
MemTotal:        8041492 kB
MemFree:          497196 kB
MemAvailable:    1252504 kB
Buffers:          149896 kB
Cached:          1044704 kB
SwapCached:        57848 kB
Active:          5620020 kB
Inactive:        1524732 kB
Active(anon):    5065340 kB
Inactive(anon):  1179912 kB
Active(file):     554680 kB
Inactive(file):   344820 kB
Unevictable:         432 kB
Mlocked:             432 kB
SwapTotal:       4182012 kB
SwapFree:        3052004 kB
Dirty:              2960 kB
Writeback:             0 kB
AnonPages:       5927136 kB
Mapped:           506700 kB
Shmem:            295100 kB
Slab:             208128 kB
SReclaimable:     150420 kB
SUnreclaim:        57708 kB
KernelStack:       19856 kB
PageTables:        90236 kB
NFS_Unstable:          0 kB
Bounce:                0 kB
WritebackTmp:          0 kB
CommitLimit:     8202756 kB
Committed_AS:   17341308 kB
VmallocTotal:   34359738367 kB
VmallocUsed:           0 kB
VmallocChunk:          0 kB
HardwareCorrupted:     0 kB
AnonHugePages:   2752512 kB
CmaTotal:              0 kB
CmaFree:               0 kB
HugePages_Total:       0
HugePages_Free:        0
HugePages_Rsvd:        0
HugePages_Surp:        0
Hugepagesize:       2048 kB
DirectMap4k:      288156 kB
DirectMap2M:     7966720 kB
DirectMap1G:     1048576 kB

container (cgroup) information:
container_type: cgroupv1
cpu_cpuset_cpus: 0-3
cpu_memory_nodes: 0
active_processor_count: 4
cpu_quota: -1
cpu_period: 100000
cpu_shares: -1
memory_limit_in_bytes: -1
memory_and_swap_limit_in_bytes: -2
memory_soft_limit_in_bytes: -1
memory_usage_in_bytes: 7304032256
memory_max_usage_in_bytes: 0


CPU:total 4 (initial active 4) (4 cores per cpu, 1 threads per core) family 6 model 60 stepping 3, cmov, cx8, fxsr, mmx, sse, sse2, sse3, ssse3, sse4.1, sse4.2, popcnt, avx, avx2, aes, clmul, erms, lzcnt, tsc, tscinvbit, bmi1, bmi2

/proc/cpuinfo:
processor	: 0
vendor_id	: GenuineIntel
cpu family	: 6
model		: 60
model name	: Intel(R) Core(TM) i5-4440 CPU @ 3.10GHz
stepping	: 3
microcode	: 0x25
cpu MHz		: 3122.644
cache size	: 6144 KB
physical id	: 0
siblings	: 4
core id		: 0
cpu cores	: 4
apicid		: 0
initial apicid	: 0
fpu		: yes
fpu_exception	: yes
cpuid level	: 13
wp		: yes
flags		: fpu vme de pse tsc msr pae mce cx8 apic sep mtrr pge mca cmov pat pse36 clflush dts acpi mmx fxsr sse sse2 ss ht tm pbe syscall nx pdpe1gb rdtscp lm constant_tsc arch_perfmon pebs bts rep_good nopl xtopology nonstop_tsc aperfmperf eagerfpu pni pclmulqdq dtes64 monitor ds_cpl vmx est tm2 ssse3 sdbg fma cx16 xtpr pdcm pcid sse4_1 sse4_2 x2apic movbe popcnt tsc_deadline_timer aes xsave avx f16c rdrand lahf_lm abm tpr_shadow vnmi flexpriority ept vpid fsgsbase tsc_adjust bmi1 avx2 smep bmi2 erms invpcid xsaveopt dtherm ida arat pln pts
bugs		:
bogomips	: 6185.66
clflush size	: 64
cache_alignment	: 64
address sizes	: 39 bits physical, 48 bits virtual
power management:

processor	: 1
vendor_id	: GenuineIntel
cpu family	: 6
model		: 60
model name	: Intel(R) Core(TM) i5-4440 CPU @ 3.10GHz
stepping	: 3
microcode	: 0x25
cpu MHz		: 3152.433
cache size	: 6144 KB
physical id	: 0
siblings	: 4
core id		: 1
cpu cores	: 4
apicid		: 2
initial apicid	: 2
fpu		: yes
fpu_exception	: yes
cpuid level	: 13
wp		: yes
flags		: fpu vme de pse tsc msr pae mce cx8 apic sep mtrr pge mca cmov pat pse36 clflush dts acpi mmx fxsr sse sse2 ss ht tm pbe syscall nx pdpe1gb rdtscp lm constant_tsc arch_perfmon pebs bts rep_good nopl xtopology nonstop_tsc aperfmperf eagerfpu pni pclmulqdq dtes64 monitor ds_cpl vmx est tm2 ssse3 sdbg fma cx16 xtpr pdcm pcid sse4_1 sse4_2 x2apic movbe popcnt tsc_deadline_timer aes xsave avx f16c rdrand lahf_lm abm tpr_shadow vnmi flexpriority ept vpid fsgsbase tsc_adjust bmi1 avx2 smep bmi2 erms invpcid xsaveopt dtherm ida arat pln pts
bugs		:
bogomips	: 6185.66
clflush size	: 64
cache_alignment	: 64
address sizes	: 39 bits physical, 48 bits virtual
power management:

processor	: 2
vendor_id	: GenuineIntel
cpu family	: 6
model		: 60
model name	: Intel(R) Core(TM) i5-4440 CPU @ 3.10GHz
stepping	: 3
microcode	: 0x25
cpu MHz		: 3100.000
cache size	: 6144 KB
physical id	: 0
siblings	: 4
core id		: 2
cpu cores	: 4
apicid		: 4
initial apicid	: 4
fpu		: yes
fpu_exception	: yes
cpuid level	: 13
wp		: yes
flags		: fpu vme de pse tsc msr pae mce cx8 apic sep mtrr pge mca cmov pat pse36 clflush dts acpi mmx fxsr sse sse2 ss ht tm pbe syscall nx pdpe1gb rdtscp lm constant_tsc arch_perfmon pebs bts rep_good nopl xtopology nonstop_tsc aperfmperf eagerfpu pni pclmulqdq dtes64 monitor ds_cpl vmx est tm2 ssse3 sdbg fma cx16 xtpr pdcm pcid sse4_1 sse4_2 x2apic movbe popcnt tsc_deadline_timer aes xsave avx f16c rdrand lahf_lm abm tpr_shadow vnmi flexpriority ept vpid fsgsbase tsc_adjust bmi1 avx2 smep bmi2 erms invpcid xsaveopt dtherm ida arat pln pts
bugs		:
bogomips	: 6185.66
clflush size	: 64
cache_alignment	: 64
address sizes	: 39 bits physical, 48 bits virtual
power management:

processor	: 3
vendor_id	: GenuineIntel
cpu family	: 6
model		: 60
model name	: Intel(R) Core(TM) i5-4440 CPU @ 3.10GHz
stepping	: 3
microcode	: 0x25
cpu MHz		: 3130.152
cache size	: 6144 KB
physical id	: 0
siblings	: 4
core id		: 3
cpu cores	: 4
apicid		: 6
initial apicid	: 6
fpu		: yes
fpu_exception	: yes
cpuid level	: 13
wp		: yes
flags		: fpu vme de pse tsc msr pae mce cx8 apic sep mtrr pge mca cmov pat pse36 clflush dts acpi mmx fxsr sse sse2 ss ht tm pbe syscall nx pdpe1gb rdtscp lm constant_tsc arch_perfmon pebs bts rep_good nopl xtopology nonstop_tsc aperfmperf eagerfpu pni pclmulqdq dtes64 monitor ds_cpl vmx est tm2 ssse3 sdbg fma cx16 xtpr pdcm pcid sse4_1 sse4_2 x2apic movbe popcnt tsc_deadline_timer aes xsave avx f16c rdrand lahf_lm abm tpr_shadow vnmi flexpriority ept vpid fsgsbase tsc_adjust bmi1 avx2 smep bmi2 erms invpcid xsaveopt dtherm ida arat pln pts
bugs		:
bogomips	: 6185.66
clflush size	: 64
cache_alignment	: 64
address sizes	: 39 bits physical, 48 bits virtual
power management:



Memory: 4k page, physical 8041492k(497196k free), swap 4182012k(3052004k free)

vm_info: Java HotSpot(TM) 64-Bit Server VM (25.201-b09) for linux-amd64 JRE (1.8.0_201-b09), built on Dec 15 2018 11:35:59 by "java_re" with gcc 7.3.0

time: Thu Oct 17 12:00:29 2019
timezone: IST
elapsed time: 3 seconds (0d 0h 0m 3s)

